


ARM Macro Assembler    Page 1 


    1 00000000                 AREA             RESET , DATA , READONLY
    2 00000000                 EXPORT           __Vectors
    3 00000000         __Vectors
    4 00000000 10000100        DCD              0x10000100
    5 00000004 00000000        DCD              Reset_Handler
    6 00000008                 ALIGN
    7 00000008                 AREA             mycode , CODE , READONLY
    8 00000000                 ENTRY
    9 00000000                 EXPORT           Reset_Handler
   10 00000000         Reset_Handler
   11 00000000 4806            LDR              R0, =SRC
   12 00000002 4907            LDR              R1,= DST
   13 00000004 6842            LDR              R2, [R0,#4]
   14 00000006 600A            STR              R2, [R1]
   15 00000008         
   16 00000008         
   17 00000008 E7FE    STOP    B                STOP
   18 0000000A 00 00 12345678 
              00ABCD12 
              00000056 
              00000078 SRC     DCD              0X12345678, 0XABCD12,0X56,0X78
   19 0000001C 00000000 
              00000000         AREA             Mydata, DATA, READWRITE
   20 00000000 00000000 
              00000000 
              00000000 DST     DCD              0,0,0
   21 0000000C                 END
Command Line: --debug --xref --cpu=Cortex-M3 --apcs=interwork --depend=p2.d -op
2.o -IC:\Keil\ARM\RV31\INC -IC:\Keil\ARM\CMSIS\Include -IC:\Keil\ARM\Inc\NXP\LP
C17xx --predefine="__EVAL SETA 1" --list=p2.lst p2.s



ARM Macro Assembler    Page 1 Alphabetic symbol ordering
Relocatable symbols

RESET 00000000

Symbol: RESET
   Definitions
      At line 1 in file p2.s
   Uses
      None
Comment: RESET unused
__Vectors 00000000

Symbol: __Vectors
   Definitions
      At line 3 in file p2.s
   Uses
      At line 2 in file p2.s
Comment: __Vectors used once
2 symbols



ARM Macro Assembler    Page 1 Alphabetic symbol ordering
Relocatable symbols

Reset_Handler 00000000

Symbol: Reset_Handler
   Definitions
      At line 10 in file p2.s
   Uses
      At line 5 in file p2.s
      At line 9 in file p2.s

SRC 0000000C

Symbol: SRC
   Definitions
      At line 18 in file p2.s
   Uses
      At line 11 in file p2.s
Comment: SRC used once
STOP 00000008

Symbol: STOP
   Definitions
      At line 17 in file p2.s
   Uses
      At line 17 in file p2.s
Comment: STOP used once
mycode 00000000

Symbol: mycode
   Definitions
      At line 7 in file p2.s
   Uses
      None
Comment: mycode unused
4 symbols



ARM Macro Assembler    Page 1 Alphabetic symbol ordering
Relocatable symbols

DST 00000000

Symbol: DST
   Definitions
      At line 20 in file p2.s
   Uses
      At line 12 in file p2.s
Comment: DST used once
Mydata 00000000

Symbol: Mydata
   Definitions
      At line 19 in file p2.s
   Uses
      None
Comment: Mydata unused
2 symbols
341 symbols in table
